2023-07-29 00:00:16,268 INFO org.springframework.boot.devtools.autoconfigure.LocalDevToolsAutoConfiguration$RestartingClassPathChangeChangedEventListener [File Watcher] Restarting due to 1 class path change (0 additions, 0 deletions, 1 modification)
2023-07-29 00:00:16,448 INFO org.apache.juli.logging.DirectJDKLog [Thread-13] Pausing ProtocolHandler ["https-jsse-nio-7777"]
2023-07-29 00:00:16,449 INFO org.apache.juli.logging.DirectJDKLog [Thread-13] Stopping service [Tomcat]
2023-07-29 00:00:16,454 INFO org.apache.juli.logging.DirectJDKLog [Thread-13] Stopping ProtocolHandler ["https-jsse-nio-7777"]
2023-07-29 00:00:16,466 INFO org.apache.juli.logging.DirectJDKLog [Thread-13] Destroying ProtocolHandler ["https-jsse-nio-7777"]
2023-07-29 00:00:16,468 INFO org.springframework.orm.jpa.AbstractEntityManagerFactoryBean [Thread-13] Closing JPA EntityManagerFactory for persistence unit 'default'
2023-07-29 00:00:16,469 INFO com.zaxxer.hikari.HikariDataSource [Thread-13] HikariPool-2 - Shutdown initiated...
2023-07-29 00:00:20,202 INFO com.zaxxer.hikari.HikariDataSource [Thread-13] HikariPool-2 - Shutdown completed.
2023-07-29 00:00:20,395 INFO org.springframework.boot.StartupInfoLogger [restartedMain] Starting WebhookAppApplication using Java 1.8.0_381 on LAPTOP-O37RJ1H2 with PID 29024 (C:\Users\Ankit Sharma\Documents\webhook-app\target\classes started by Ankit Sharma in C:\Users\Ankit Sharma\Documents\webhook-app)
2023-07-29 00:00:20,395 INFO org.springframework.boot.SpringApplication [restartedMain] The following 1 profile is active: "ssl"
2023-07-29 00:00:20,491 INFO org.springframework.data.repository.config.RepositoryConfigurationDelegate [restartedMain] Bootstrapping Spring Data JPA repositories in DEFAULT mode.
2023-07-29 00:00:20,503 INFO org.springframework.data.repository.config.RepositoryConfigurationDelegate [restartedMain] Finished Spring Data repository scanning in 12 ms. Found 1 JPA repository interfaces.
2023-07-29 00:00:20,548 INFO org.springframework.boot.web.embedded.tomcat.TomcatWebServer [restartedMain] Tomcat initialized with port(s): 7777 (https)
2023-07-29 00:00:20,549 INFO org.apache.juli.logging.DirectJDKLog [restartedMain] Initializing ProtocolHandler ["https-jsse-nio-7777"]
2023-07-29 00:00:20,549 INFO org.apache.juli.logging.DirectJDKLog [restartedMain] Starting service [Tomcat]
2023-07-29 00:00:20,549 INFO org.apache.juli.logging.DirectJDKLog [restartedMain] Starting Servlet engine: [Apache Tomcat/9.0.78]
2023-07-29 00:00:20,557 INFO org.apache.juli.logging.DirectJDKLog [restartedMain] Initializing Spring embedded WebApplicationContext
2023-07-29 00:00:20,557 INFO org.springframework.boot.web.servlet.context.ServletWebServerApplicationContext [restartedMain] Root WebApplicationContext: initialization completed in 158 ms
2023-07-29 00:00:20,578 INFO org.hibernate.jpa.internal.util.LogHelper [restartedMain] HHH000204: Processing PersistenceUnitInfo [name: default]
2023-07-29 00:00:20,580 INFO com.zaxxer.hikari.HikariDataSource [restartedMain] HikariPool-3 - Starting...
2023-07-29 00:00:27,948 INFO com.zaxxer.hikari.HikariDataSource [restartedMain] HikariPool-3 - Start completed.
2023-07-29 00:00:27,950 INFO org.hibernate.dialect.Dialect [restartedMain] HHH000400: Using dialect: org.hibernate.dialect.MySQL5Dialect
2023-07-29 00:00:28,912 INFO org.hibernate.engine.transaction.jta.platform.internal.JtaPlatformInitiator [restartedMain] HHH000490: Using JtaPlatform implementation: [org.hibernate.engine.transaction.jta.platform.internal.NoJtaPlatform]
2023-07-29 00:00:28,913 INFO org.springframework.orm.jpa.AbstractEntityManagerFactoryBean [restartedMain] Initialized JPA EntityManagerFactory for persistence unit 'default'
2023-07-29 00:00:29,008 WARN org.springframework.boot.autoconfigure.orm.jpa.JpaBaseConfiguration$JpaWebConfiguration [restartedMain] spring.jpa.open-in-view is enabled by default. Therefore, database queries may be performed during view rendering. Explicitly configure spring.jpa.open-in-view to disable this warning
2023-07-29 00:00:29,086 INFO org.springframework.boot.devtools.autoconfigure.OptionalLiveReloadServer [restartedMain] LiveReload server is running on port 35729
2023-07-29 00:00:29,092 INFO org.apache.juli.logging.DirectJDKLog [restartedMain] Starting ProtocolHandler ["https-jsse-nio-7777"]
2023-07-29 00:00:29,194 INFO org.apache.juli.logging.DirectJDKLog [restartedMain] Connector [https-jsse-nio-7777], TLS virtual host [_default_], certificate type [UNDEFINED] configured from keystore [file:/C:/Users/Ankit%20Sharma/Documents/webhook-app/target/classes/keystore.p12] using alias [localhost] with trust store [null]
2023-07-29 00:00:29,197 INFO org.springframework.boot.web.embedded.tomcat.TomcatWebServer [restartedMain] Tomcat started on port(s): 7777 (https) with context path ''
2023-07-29 00:00:29,202 INFO org.springframework.boot.StartupInfoLogger [restartedMain] Started WebhookAppApplication in 8.832 seconds (JVM running for 180.323)
2023-07-29 00:00:29,205 INFO org.springframework.boot.devtools.autoconfigure.ConditionEvaluationDeltaLoggingListener [restartedMain] Condition evaluation unchanged
2023-07-29 00:00:35,695 INFO org.springframework.boot.devtools.autoconfigure.LocalDevToolsAutoConfiguration$RestartingClassPathChangeChangedEventListener [File Watcher] Restarting due to 1 class path change (0 additions, 0 deletions, 1 modification)
2023-07-29 00:00:35,874 INFO org.apache.juli.logging.DirectJDKLog [Thread-19] Pausing ProtocolHandler ["https-jsse-nio-7777"]
2023-07-29 00:00:35,874 INFO org.apache.juli.logging.DirectJDKLog [Thread-19] Stopping service [Tomcat]
2023-07-29 00:00:35,877 INFO org.apache.juli.logging.DirectJDKLog [Thread-19] Stopping ProtocolHandler ["https-jsse-nio-7777"]
2023-07-29 00:00:35,880 INFO org.apache.juli.logging.DirectJDKLog [Thread-19] Destroying ProtocolHandler ["https-jsse-nio-7777"]
2023-07-29 00:00:35,884 INFO org.springframework.orm.jpa.AbstractEntityManagerFactoryBean [Thread-19] Closing JPA EntityManagerFactory for persistence unit 'default'
2023-07-29 00:00:35,885 INFO com.zaxxer.hikari.HikariDataSource [Thread-19] HikariPool-3 - Shutdown initiated...
2023-07-29 00:00:42,330 INFO com.zaxxer.hikari.HikariDataSource [Thread-19] HikariPool-3 - Shutdown completed.
2023-07-29 00:00:42,501 INFO org.springframework.boot.StartupInfoLogger [restartedMain] Starting WebhookAppApplication using Java 1.8.0_381 on LAPTOP-O37RJ1H2 with PID 29024 (C:\Users\Ankit Sharma\Documents\webhook-app\target\classes started by Ankit Sharma in C:\Users\Ankit Sharma\Documents\webhook-app)
2023-07-29 00:00:42,502 INFO org.springframework.boot.SpringApplication [restartedMain] The following 1 profile is active: "ssl"
2023-07-29 00:00:42,594 INFO org.springframework.data.repository.config.RepositoryConfigurationDelegate [restartedMain] Bootstrapping Spring Data JPA repositories in DEFAULT mode.
2023-07-29 00:00:42,605 INFO org.springframework.data.repository.config.RepositoryConfigurationDelegate [restartedMain] Finished Spring Data repository scanning in 9 ms. Found 1 JPA repository interfaces.
2023-07-29 00:00:42,649 INFO org.springframework.boot.web.embedded.tomcat.TomcatWebServer [restartedMain] Tomcat initialized with port(s): 7777 (https)
2023-07-29 00:00:42,649 INFO org.apache.juli.logging.DirectJDKLog [restartedMain] Initializing ProtocolHandler ["https-jsse-nio-7777"]
2023-07-29 00:00:42,650 INFO org.apache.juli.logging.DirectJDKLog [restartedMain] Starting service [Tomcat]
2023-07-29 00:00:42,650 INFO org.apache.juli.logging.DirectJDKLog [restartedMain] Starting Servlet engine: [Apache Tomcat/9.0.78]
2023-07-29 00:00:42,658 INFO org.apache.juli.logging.DirectJDKLog [restartedMain] Initializing Spring embedded WebApplicationContext
2023-07-29 00:00:42,658 INFO org.springframework.boot.web.servlet.context.ServletWebServerApplicationContext [restartedMain] Root WebApplicationContext: initialization completed in 155 ms
2023-07-29 00:00:42,677 INFO org.hibernate.jpa.internal.util.LogHelper [restartedMain] HHH000204: Processing PersistenceUnitInfo [name: default]
2023-07-29 00:00:42,679 INFO com.zaxxer.hikari.HikariDataSource [restartedMain] HikariPool-4 - Starting...
2023-07-29 00:00:51,224 INFO com.zaxxer.hikari.HikariDataSource [restartedMain] HikariPool-4 - Start completed.
2023-07-29 00:00:51,225 INFO org.hibernate.dialect.Dialect [restartedMain] HHH000400: Using dialect: org.hibernate.dialect.MySQL5Dialect
2023-07-29 00:00:52,765 INFO org.hibernate.engine.transaction.jta.platform.internal.JtaPlatformInitiator [restartedMain] HHH000490: Using JtaPlatform implementation: [org.hibernate.engine.transaction.jta.platform.internal.NoJtaPlatform]
2023-07-29 00:00:52,766 INFO org.springframework.orm.jpa.AbstractEntityManagerFactoryBean [restartedMain] Initialized JPA EntityManagerFactory for persistence unit 'default'
2023-07-29 00:00:52,850 WARN org.springframework.boot.autoconfigure.orm.jpa.JpaBaseConfiguration$JpaWebConfiguration [restartedMain] spring.jpa.open-in-view is enabled by default. Therefore, database queries may be performed during view rendering. Explicitly configure spring.jpa.open-in-view to disable this warning
2023-07-29 00:00:52,902 INFO org.springframework.boot.devtools.autoconfigure.OptionalLiveReloadServer [restartedMain] LiveReload server is running on port 35729
2023-07-29 00:00:52,908 INFO org.apache.juli.logging.DirectJDKLog [restartedMain] Starting ProtocolHandler ["https-jsse-nio-7777"]
2023-07-29 00:00:52,989 INFO org.apache.juli.logging.DirectJDKLog [restartedMain] Connector [https-jsse-nio-7777], TLS virtual host [_default_], certificate type [UNDEFINED] configured from keystore [file:/C:/Users/Ankit%20Sharma/Documents/webhook-app/target/classes/keystore.p12] using alias [localhost] with trust store [null]
2023-07-29 00:00:52,991 INFO org.springframework.boot.web.embedded.tomcat.TomcatWebServer [restartedMain] Tomcat started on port(s): 7777 (https) with context path ''
2023-07-29 00:00:53,015 INFO org.springframework.boot.StartupInfoLogger [restartedMain] Started WebhookAppApplication in 10.532 seconds (JVM running for 204.136)
2023-07-29 00:00:53,017 INFO org.springframework.boot.devtools.autoconfigure.ConditionEvaluationDeltaLoggingListener [restartedMain] Condition evaluation unchanged
2023-07-29 00:00:54,353 INFO org.springframework.boot.devtools.autoconfigure.LocalDevToolsAutoConfiguration$RestartingClassPathChangeChangedEventListener [File Watcher] Restarting due to 1 class path change (0 additions, 0 deletions, 1 modification)
2023-07-29 00:00:54,482 INFO org.apache.juli.logging.DirectJDKLog [Thread-25] Pausing ProtocolHandler ["https-jsse-nio-7777"]
2023-07-29 00:00:54,482 INFO org.apache.juli.logging.DirectJDKLog [Thread-25] Stopping service [Tomcat]
2023-07-29 00:00:54,484 INFO org.apache.juli.logging.DirectJDKLog [Thread-25] Stopping ProtocolHandler ["https-jsse-nio-7777"]
2023-07-29 00:00:54,488 INFO org.apache.juli.logging.DirectJDKLog [Thread-25] Destroying ProtocolHandler ["https-jsse-nio-7777"]
2023-07-29 00:00:54,489 INFO org.springframework.orm.jpa.AbstractEntityManagerFactoryBean [Thread-25] Closing JPA EntityManagerFactory for persistence unit 'default'
2023-07-29 00:00:54,490 INFO com.zaxxer.hikari.HikariDataSource [Thread-25] HikariPool-4 - Shutdown initiated...
2023-07-29 00:00:59,213 INFO com.zaxxer.hikari.HikariDataSource [Thread-25] HikariPool-4 - Shutdown completed.
2023-07-29 00:00:59,365 INFO org.springframework.boot.StartupInfoLogger [restartedMain] Starting WebhookAppApplication using Java 1.8.0_381 on LAPTOP-O37RJ1H2 with PID 29024 (C:\Users\Ankit Sharma\Documents\webhook-app\target\classes started by Ankit Sharma in C:\Users\Ankit Sharma\Documents\webhook-app)
2023-07-29 00:00:59,365 INFO org.springframework.boot.SpringApplication [restartedMain] The following 1 profile is active: "ssl"
2023-07-29 00:00:59,483 INFO org.springframework.data.repository.config.RepositoryConfigurationDelegate [restartedMain] Bootstrapping Spring Data JPA repositories in DEFAULT mode.
2023-07-29 00:00:59,494 INFO org.springframework.data.repository.config.RepositoryConfigurationDelegate [restartedMain] Finished Spring Data repository scanning in 9 ms. Found 1 JPA repository interfaces.
2023-07-29 00:00:59,539 INFO org.springframework.boot.web.embedded.tomcat.TomcatWebServer [restartedMain] Tomcat initialized with port(s): 7777 (https)
2023-07-29 00:00:59,541 INFO org.apache.juli.logging.DirectJDKLog [restartedMain] Initializing ProtocolHandler ["https-jsse-nio-7777"]
2023-07-29 00:00:59,541 INFO org.apache.juli.logging.DirectJDKLog [restartedMain] Starting service [Tomcat]
2023-07-29 00:00:59,541 INFO org.apache.juli.logging.DirectJDKLog [restartedMain] Starting Servlet engine: [Apache Tomcat/9.0.78]
2023-07-29 00:00:59,547 INFO org.apache.juli.logging.DirectJDKLog [restartedMain] Initializing Spring embedded WebApplicationContext
2023-07-29 00:00:59,548 INFO org.springframework.boot.web.servlet.context.ServletWebServerApplicationContext [restartedMain] Root WebApplicationContext: initialization completed in 181 ms
2023-07-29 00:00:59,565 INFO org.hibernate.jpa.internal.util.LogHelper [restartedMain] HHH000204: Processing PersistenceUnitInfo [name: default]
2023-07-29 00:00:59,568 INFO com.zaxxer.hikari.HikariDataSource [restartedMain] HikariPool-5 - Starting...
2023-07-29 00:01:07,816 INFO com.zaxxer.hikari.HikariDataSource [restartedMain] HikariPool-5 - Start completed.
2023-07-29 00:01:07,818 INFO org.hibernate.dialect.Dialect [restartedMain] HHH000400: Using dialect: org.hibernate.dialect.MySQL5Dialect
2023-07-29 00:01:09,161 INFO org.hibernate.engine.transaction.jta.platform.internal.JtaPlatformInitiator [restartedMain] HHH000490: Using JtaPlatform implementation: [org.hibernate.engine.transaction.jta.platform.internal.NoJtaPlatform]
2023-07-29 00:01:09,163 INFO org.springframework.orm.jpa.AbstractEntityManagerFactoryBean [restartedMain] Initialized JPA EntityManagerFactory for persistence unit 'default'
2023-07-29 00:01:09,280 WARN org.springframework.boot.autoconfigure.orm.jpa.JpaBaseConfiguration$JpaWebConfiguration [restartedMain] spring.jpa.open-in-view is enabled by default. Therefore, database queries may be performed during view rendering. Explicitly configure spring.jpa.open-in-view to disable this warning
2023-07-29 00:01:09,396 INFO org.springframework.boot.devtools.autoconfigure.OptionalLiveReloadServer [restartedMain] LiveReload server is running on port 35729
2023-07-29 00:01:09,408 INFO org.apache.juli.logging.DirectJDKLog [restartedMain] Starting ProtocolHandler ["https-jsse-nio-7777"]
2023-07-29 00:01:09,630 INFO org.apache.juli.logging.DirectJDKLog [restartedMain] Connector [https-jsse-nio-7777], TLS virtual host [_default_], certificate type [UNDEFINED] configured from keystore [file:/C:/Users/Ankit%20Sharma/Documents/webhook-app/target/classes/keystore.p12] using alias [localhost] with trust store [null]
2023-07-29 00:01:09,634 INFO org.springframework.boot.web.embedded.tomcat.TomcatWebServer [restartedMain] Tomcat started on port(s): 7777 (https) with context path ''
2023-07-29 00:01:09,648 INFO org.springframework.boot.StartupInfoLogger [restartedMain] Started WebhookAppApplication in 10.305 seconds (JVM running for 220.768)
2023-07-29 00:01:09,649 INFO org.springframework.boot.devtools.autoconfigure.ConditionEvaluationDeltaLoggingListener [restartedMain] Condition evaluation unchanged
2023-07-29 00:01:15,894 INFO org.apache.juli.logging.DirectJDKLog [https-jsse-nio-7777-exec-7] Initializing Spring DispatcherServlet 'dispatcherServlet'
2023-07-29 00:01:15,896 INFO org.springframework.web.servlet.FrameworkServlet [https-jsse-nio-7777-exec-7] Initializing Servlet 'dispatcherServlet'
2023-07-29 00:01:15,898 INFO org.springframework.web.servlet.FrameworkServlet [https-jsse-nio-7777-exec-7] Completed initialization in 2 ms
2023-07-29 00:01:15,923 INFO com.webhook.service.impl.IVRServiceImpl [https-jsse-nio-7777-exec-7] insertIVRPayload {
    "TRANSID": "579034",
    "CID": "194",
    "CLI": "1725643200",
    "AgentNo": "09877012900",
    "AgentCallStatus": "Answered",
    "AgentCallStartTime": "21-07-2023 10:25:01",
    "AgentCallEndTime": "21-07-2023 10:25:12",
    "CustomerNo": "08894924284",
    "CustomerCallStatus": "Answered",
    "CustomerCallStartTime": "21-07-2023 10:25:09",
    "CustomerCallEndTime": "21-07-2023 10:25:12",
    "CallRecordURL": "http://202.164.33.136/ClickToCall/Recorded_Files/recording/CTC_RECORDING/57903_1.mp3"
}
2023-07-29 00:01:20,412 INFO com.webhook.service.impl.IVRServiceImpl [https-jsse-nio-7777-exec-8] insertIVRPayload {
    "TRANSID": "579034",
    "CID": "194",
    "CLI": "1725643200",
    "AgentNo": "09877012900",
    "AgentCallStatus": "Answered",
    "AgentCallStartTime": "21-07-2023 10:25:01",
    "AgentCallEndTime": "21-07-2023 10:25:12",
    "CustomerNo": "08894924284",
    "CustomerCallStatus": "Answered",
    "CustomerCallStartTime": "21-07-2023 10:25:09",
    "CustomerCallEndTime": "21-07-2023 10:25:12",
    "CallRecordURL": "http://202.164.33.136/ClickToCall/Recorded_Files/recording/CTC_RECORDING/57903_1.mp3"
}
2023-07-29 00:01:23,132 INFO com.webhook.service.impl.IVRServiceImpl [https-jsse-nio-7777-exec-9] insertIVRPayload {
    "TRANSID": "579034",
    "CID": "194",
    "CLI": "1725643200",
    "AgentNo": "09877012900",
    "AgentCallStatus": "Answered",
    "AgentCallStartTime": "21-07-2023 10:25:01",
    "AgentCallEndTime": "21-07-2023 10:25:12",
    "CustomerNo": "08894924284",
    "CustomerCallStatus": "Answered",
    "CustomerCallStartTime": "21-07-2023 10:25:09",
    "CustomerCallEndTime": "21-07-2023 10:25:12",
    "CallRecordURL": "http://202.164.33.136/ClickToCall/Recorded_Files/recording/CTC_RECORDING/57903_1.mp3"
}
